0 info it worked if it ends with ok
1 verbose cli [ '/usr/local/bin/node', '/usr/local/bin/npm', 'install' ]
2 info using npm@2.0.0
3 info using node@v0.11.14
4 verbose node symlink /usr/local/bin/node
5 error install Couldn't read dependencies
6 verbose stack Error: Failed to parse json
6 verbose stack Unexpected token }
6 verbose stack     at parseError (/usr/local/lib/node_modules/npm/node_modules/read-package-json/read-json.js:378:25)
6 verbose stack     at parseJson (/usr/local/lib/node_modules/npm/node_modules/read-package-json/read-json.js:85:51)
6 verbose stack     at /usr/local/lib/node_modules/npm/node_modules/read-package-json/read-json.js:59:33
6 verbose stack     at evalmachine.<anonymous>:295:14
6 verbose stack     at /usr/local/lib/node_modules/npm/node_modules/graceful-fs/graceful-fs.js:102:5
6 verbose stack     at Object.oncomplete (evalmachine.<anonymous>:93:15)
7 verbose cwd /Users/matt/Projects/x-ray-phantom
8 error Darwin 14.1.0
9 error argv "/usr/local/bin/node" "/usr/local/bin/npm" "install"
10 error node v0.11.14
11 error npm  v2.0.0
12 error file /Users/matt/Projects/x-ray-phantom/package.json
13 error code EJSONPARSE
14 error Failed to parse json
14 error Unexpected token }
15 error File: /Users/matt/Projects/x-ray-phantom/package.json
16 error Failed to parse package.json data.
16 error package.json must be actual JSON, not just JavaScript.
16 error
16 error This is not a bug in npm.
16 error Tell the package author to fix their package.json file. JSON.parse
17 verbose exit [ 1, true ]
